find_header: checking for cblas.h in /System/Library/Frameworks/Accelerate.framework/Versions/A/Frameworks/vecLib.framework/Versions/A/Headers... -------------------- yes

"gcc-4.2 -o conftest -I/usr/local/include/ruby-2.0.0/x86_64-darwin10.8.0 -I/usr/local/include/ruby-2.0.0/ruby/backward -I/usr/local/include/ruby-2.0.0 -I/Users/robertburrowes/Documents/src/ratlas/ruby_extension -D_XOPEN_SOURCE -D_DARWIN_C_SOURCE -D_DARWIN_UNLIMITED_SELECT -D_REENTRANT    -O3 -fno-fast-math -ggdb3 -Wall -Wextra -Wno-unused-parameter -Wno-parentheses -Wno-long-long -Wno-missing-field-initializers -Wunused-variable -Wpointer-arith -Wwrite-strings -Wdeclaration-after-statement -Wshorten-64-to-32 -Wimplicit-function-declaration  -pipe conftest.c  -L. -L/usr/local/lib -L. -fstack-protector -L/usr/local/lib     -lruby-static  -lpthread -ldl -lobjc "
checked program was:
/* begin */
1: #include "ruby.h"
2: 
3: int main(int argc, char **argv)
4: {
5:   return 0;
6: }
/* end */

"gcc-4.2 -E -I/usr/local/include/ruby-2.0.0/x86_64-darwin10.8.0 -I/usr/local/include/ruby-2.0.0/ruby/backward -I/usr/local/include/ruby-2.0.0 -I/Users/robertburrowes/Documents/src/ratlas/ruby_extension -D_XOPEN_SOURCE -D_DARWIN_C_SOURCE -D_DARWIN_UNLIMITED_SELECT -D_REENTRANT    -O3 -fno-fast-math -ggdb3 -Wall -Wextra -Wno-unused-parameter -Wno-parentheses -Wno-long-long -Wno-missing-field-initializers -Wunused-variable -Wpointer-arith -Wwrite-strings -Wdeclaration-after-statement -Wshorten-64-to-32 -Wimplicit-function-declaration  -pipe  conftest.c -o conftest.i"
conftest.c:3:19: error: cblas.h: No such file or directory
checked program was:
/* begin */
1: #include "ruby.h"
2: 
3: #include <cblas.h>
/* end */

"gcc-4.2 -E -I/usr/local/include/ruby-2.0.0/x86_64-darwin10.8.0 -I/usr/local/include/ruby-2.0.0/ruby/backward -I/usr/local/include/ruby-2.0.0 -I/Users/robertburrowes/Documents/src/ratlas/ruby_extension -D_XOPEN_SOURCE -D_DARWIN_C_SOURCE -D_DARWIN_UNLIMITED_SELECT -D_REENTRANT    -O3 -fno-fast-math -ggdb3 -Wall -Wextra -Wno-unused-parameter -Wno-parentheses -Wno-long-long -Wno-missing-field-initializers -Wunused-variable -Wpointer-arith -Wwrite-strings -Wdeclaration-after-statement -Wshorten-64-to-32 -Wimplicit-function-declaration  -pipe -I/System/Library/Frameworks/Accelerate.framework/Versions/A/Frameworks/vecLib.framework/Versions/A/Headers conftest.c -o conftest.i"
checked program was:
/* begin */
1: #include "ruby.h"
2: 
3: #include <cblas.h>
/* end */

--------------------

have_library: checking for main() in -latlas... -------------------- yes

"gcc-4.2 -o conftest -I/usr/local/include/ruby-2.0.0/x86_64-darwin10.8.0 -I/usr/local/include/ruby-2.0.0/ruby/backward -I/usr/local/include/ruby-2.0.0 -I/Users/robertburrowes/Documents/src/ratlas/ruby_extension -I/System/Library/Frameworks/Accelerate.framework/Versions/A/Frameworks/vecLib.framework/Versions/A/Headers -I/Users/robertburrowes/Documents/src/ratlas/ruby_extension/rotg/include -I/Users/robertburrowes/Documents/src/ratlas/ruby_extension/lapack/include -I/Users/robertburrowes/Documents/src/ratlas/ruby_extension/blas/include -D_XOPEN_SOURCE -D_DARWIN_C_SOURCE -D_DARWIN_UNLIMITED_SELECT -D_REENTRANT    -O3 -fno-fast-math -ggdb3 -Wall -Wextra -Wno-unused-parameter -Wno-parentheses -Wno-long-long -Wno-missing-field-initializers -Wunused-variable -Wpointer-arith -Wwrite-strings -Wdeclaration-after-statement -Wshorten-64-to-32 -Wimplicit-function-declaration  -pipe conftest.c  -L. -L/usr/local/lib -L/Users/robertburrowes/Documents/src/ratlas/ruby_extension/rotg/lib -L/Users/robertburrowes/Documents/src/ratlas/ruby_extension/lapack/lib -L/Users/robertburrowes/Documents/src/ratlas/ruby_extension/blas/lib -L. -fstack-protector -L/usr/local/lib     -lruby-static -latlas  -lpthread -ldl -lobjc "
conftest.c: In function 't':
conftest.c:5: error: 'main' undeclared (first use in this function)
conftest.c:5: error: (Each undeclared identifier is reported only once
conftest.c:5: error: for each function it appears in.)
checked program was:
/* begin */
 1: #include "ruby.h"
 2: 
 3: /*top*/
 4: extern int t(void);
 5: int t(void) { void ((*volatile p)()); p = (void ((*)()))main; return 0; }
 6: int main(int argc, char **argv)
 7: {
 8:   if (argc > 1000000) {
 9:     printf("%p", &t);
10:   }
11: 
12:   return 0;
13: }
/* end */

"gcc-4.2 -o conftest -I/usr/local/include/ruby-2.0.0/x86_64-darwin10.8.0 -I/usr/local/include/ruby-2.0.0/ruby/backward -I/usr/local/include/ruby-2.0.0 -I/Users/robertburrowes/Documents/src/ratlas/ruby_extension -I/System/Library/Frameworks/Accelerate.framework/Versions/A/Frameworks/vecLib.framework/Versions/A/Headers -I/Users/robertburrowes/Documents/src/ratlas/ruby_extension/rotg/include -I/Users/robertburrowes/Documents/src/ratlas/ruby_extension/lapack/include -I/Users/robertburrowes/Documents/src/ratlas/ruby_extension/blas/include -D_XOPEN_SOURCE -D_DARWIN_C_SOURCE -D_DARWIN_UNLIMITED_SELECT -D_REENTRANT    -O3 -fno-fast-math -ggdb3 -Wall -Wextra -Wno-unused-parameter -Wno-parentheses -Wno-long-long -Wno-missing-field-initializers -Wunused-variable -Wpointer-arith -Wwrite-strings -Wdeclaration-after-statement -Wshorten-64-to-32 -Wimplicit-function-declaration  -pipe conftest.c  -L. -L/usr/local/lib -L/Users/robertburrowes/Documents/src/ratlas/ruby_extension/rotg/lib -L/Users/robertburrowes/Documents/src/ratlas/ruby_extension/lapack/lib -L/Users/robertburrowes/Documents/src/ratlas/ruby_extension/blas/lib -L. -fstack-protector -L/usr/local/lib     -lruby-static -latlas  -lpthread -ldl -lobjc "
conftest.c: In function 't':
conftest.c:5: warning: implicit declaration of function 'main'
checked program was:
/* begin */
 1: #include "ruby.h"
 2: 
 3: /*top*/
 4: extern int t(void);
 5: int t(void) { main(); return 0; }
 6: int main(int argc, char **argv)
 7: {
 8:   if (argc > 1000000) {
 9:     printf("%p", &t);
10:   }
11: 
12:   return 0;
13: }
/* end */

--------------------

have_library: checking for main() in -lblas... -------------------- yes

"gcc-4.2 -o conftest -I/usr/local/include/ruby-2.0.0/x86_64-darwin10.8.0 -I/usr/local/include/ruby-2.0.0/ruby/backward -I/usr/local/include/ruby-2.0.0 -I/Users/robertburrowes/Documents/src/ratlas/ruby_extension -I/System/Library/Frameworks/Accelerate.framework/Versions/A/Frameworks/vecLib.framework/Versions/A/Headers -I/Users/robertburrowes/Documents/src/ratlas/ruby_extension/rotg/include -I/Users/robertburrowes/Documents/src/ratlas/ruby_extension/lapack/include -I/Users/robertburrowes/Documents/src/ratlas/ruby_extension/blas/include -D_XOPEN_SOURCE -D_DARWIN_C_SOURCE -D_DARWIN_UNLIMITED_SELECT -D_REENTRANT    -O3 -fno-fast-math -ggdb3 -Wall -Wextra -Wno-unused-parameter -Wno-parentheses -Wno-long-long -Wno-missing-field-initializers -Wunused-variable -Wpointer-arith -Wwrite-strings -Wdeclaration-after-statement -Wshorten-64-to-32 -Wimplicit-function-declaration  -pipe conftest.c  -L. -L/usr/local/lib -L/Users/robertburrowes/Documents/src/ratlas/ruby_extension/rotg/lib -L/Users/robertburrowes/Documents/src/ratlas/ruby_extension/lapack/lib -L/Users/robertburrowes/Documents/src/ratlas/ruby_extension/blas/lib -L. -fstack-protector -L/usr/local/lib    -latlas  -lruby-static -lblas -latlas  -lpthread -ldl -lobjc "
conftest.c: In function 't':
conftest.c:5: error: 'main' undeclared (first use in this function)
conftest.c:5: error: (Each undeclared identifier is reported only once
conftest.c:5: error: for each function it appears in.)
checked program was:
/* begin */
 1: #include "ruby.h"
 2: 
 3: /*top*/
 4: extern int t(void);
 5: int t(void) { void ((*volatile p)()); p = (void ((*)()))main; return 0; }
 6: int main(int argc, char **argv)
 7: {
 8:   if (argc > 1000000) {
 9:     printf("%p", &t);
10:   }
11: 
12:   return 0;
13: }
/* end */

"gcc-4.2 -o conftest -I/usr/local/include/ruby-2.0.0/x86_64-darwin10.8.0 -I/usr/local/include/ruby-2.0.0/ruby/backward -I/usr/local/include/ruby-2.0.0 -I/Users/robertburrowes/Documents/src/ratlas/ruby_extension -I/System/Library/Frameworks/Accelerate.framework/Versions/A/Frameworks/vecLib.framework/Versions/A/Headers -I/Users/robertburrowes/Documents/src/ratlas/ruby_extension/rotg/include -I/Users/robertburrowes/Documents/src/ratlas/ruby_extension/lapack/include -I/Users/robertburrowes/Documents/src/ratlas/ruby_extension/blas/include -D_XOPEN_SOURCE -D_DARWIN_C_SOURCE -D_DARWIN_UNLIMITED_SELECT -D_REENTRANT    -O3 -fno-fast-math -ggdb3 -Wall -Wextra -Wno-unused-parameter -Wno-parentheses -Wno-long-long -Wno-missing-field-initializers -Wunused-variable -Wpointer-arith -Wwrite-strings -Wdeclaration-after-statement -Wshorten-64-to-32 -Wimplicit-function-declaration  -pipe conftest.c  -L. -L/usr/local/lib -L/Users/robertburrowes/Documents/src/ratlas/ruby_extension/rotg/lib -L/Users/robertburrowes/Documents/src/ratlas/ruby_extension/lapack/lib -L/Users/robertburrowes/Documents/src/ratlas/ruby_extension/blas/lib -L. -fstack-protector -L/usr/local/lib    -latlas  -lruby-static -lblas -latlas  -lpthread -ldl -lobjc "
conftest.c: In function 't':
conftest.c:5: warning: implicit declaration of function 'main'
checked program was:
/* begin */
 1: #include "ruby.h"
 2: 
 3: /*top*/
 4: extern int t(void);
 5: int t(void) { main(); return 0; }
 6: int main(int argc, char **argv)
 7: {
 8:   if (argc > 1000000) {
 9:     printf("%p", &t);
10:   }
11: 
12:   return 0;
13: }
/* end */

--------------------

have_library: checking for main() in -lcblas... -------------------- yes

"gcc-4.2 -o conftest -I/usr/local/include/ruby-2.0.0/x86_64-darwin10.8.0 -I/usr/local/include/ruby-2.0.0/ruby/backward -I/usr/local/include/ruby-2.0.0 -I/Users/robertburrowes/Documents/src/ratlas/ruby_extension -I/System/Library/Frameworks/Accelerate.framework/Versions/A/Frameworks/vecLib.framework/Versions/A/Headers -I/Users/robertburrowes/Documents/src/ratlas/ruby_extension/rotg/include -I/Users/robertburrowes/Documents/src/ratlas/ruby_extension/lapack/include -I/Users/robertburrowes/Documents/src/ratlas/ruby_extension/blas/include -D_XOPEN_SOURCE -D_DARWIN_C_SOURCE -D_DARWIN_UNLIMITED_SELECT -D_REENTRANT    -O3 -fno-fast-math -ggdb3 -Wall -Wextra -Wno-unused-parameter -Wno-parentheses -Wno-long-long -Wno-missing-field-initializers -Wunused-variable -Wpointer-arith -Wwrite-strings -Wdeclaration-after-statement -Wshorten-64-to-32 -Wimplicit-function-declaration  -pipe conftest.c  -L. -L/usr/local/lib -L/Users/robertburrowes/Documents/src/ratlas/ruby_extension/rotg/lib -L/Users/robertburrowes/Documents/src/ratlas/ruby_extension/lapack/lib -L/Users/robertburrowes/Documents/src/ratlas/ruby_extension/blas/lib -L. -fstack-protector -L/usr/local/lib    -lblas -latlas  -lruby-static -lcblas -lblas -latlas  -lpthread -ldl -lobjc "
conftest.c: In function 't':
conftest.c:5: error: 'main' undeclared (first use in this function)
conftest.c:5: error: (Each undeclared identifier is reported only once
conftest.c:5: error: for each function it appears in.)
checked program was:
/* begin */
 1: #include "ruby.h"
 2: 
 3: /*top*/
 4: extern int t(void);
 5: int t(void) { void ((*volatile p)()); p = (void ((*)()))main; return 0; }
 6: int main(int argc, char **argv)
 7: {
 8:   if (argc > 1000000) {
 9:     printf("%p", &t);
10:   }
11: 
12:   return 0;
13: }
/* end */

"gcc-4.2 -o conftest -I/usr/local/include/ruby-2.0.0/x86_64-darwin10.8.0 -I/usr/local/include/ruby-2.0.0/ruby/backward -I/usr/local/include/ruby-2.0.0 -I/Users/robertburrowes/Documents/src/ratlas/ruby_extension -I/System/Library/Frameworks/Accelerate.framework/Versions/A/Frameworks/vecLib.framework/Versions/A/Headers -I/Users/robertburrowes/Documents/src/ratlas/ruby_extension/rotg/include -I/Users/robertburrowes/Documents/src/ratlas/ruby_extension/lapack/include -I/Users/robertburrowes/Documents/src/ratlas/ruby_extension/blas/include -D_XOPEN_SOURCE -D_DARWIN_C_SOURCE -D_DARWIN_UNLIMITED_SELECT -D_REENTRANT    -O3 -fno-fast-math -ggdb3 -Wall -Wextra -Wno-unused-parameter -Wno-parentheses -Wno-long-long -Wno-missing-field-initializers -Wunused-variable -Wpointer-arith -Wwrite-strings -Wdeclaration-after-statement -Wshorten-64-to-32 -Wimplicit-function-declaration  -pipe conftest.c  -L. -L/usr/local/lib -L/Users/robertburrowes/Documents/src/ratlas/ruby_extension/rotg/lib -L/Users/robertburrowes/Documents/src/ratlas/ruby_extension/lapack/lib -L/Users/robertburrowes/Documents/src/ratlas/ruby_extension/blas/lib -L. -fstack-protector -L/usr/local/lib    -lblas -latlas  -lruby-static -lcblas -lblas -latlas  -lpthread -ldl -lobjc "
conftest.c: In function 't':
conftest.c:5: warning: implicit declaration of function 'main'
checked program was:
/* begin */
 1: #include "ruby.h"
 2: 
 3: /*top*/
 4: extern int t(void);
 5: int t(void) { main(); return 0; }
 6: int main(int argc, char **argv)
 7: {
 8:   if (argc > 1000000) {
 9:     printf("%p", &t);
10:   }
11: 
12:   return 0;
13: }
/* end */

--------------------

have_library: checking for main() in -lf77lapack... -------------------- yes

"gcc-4.2 -o conftest -I/usr/local/include/ruby-2.0.0/x86_64-darwin10.8.0 -I/usr/local/include/ruby-2.0.0/ruby/backward -I/usr/local/include/ruby-2.0.0 -I/Users/robertburrowes/Documents/src/ratlas/ruby_extension -I/System/Library/Frameworks/Accelerate.framework/Versions/A/Frameworks/vecLib.framework/Versions/A/Headers -I/Users/robertburrowes/Documents/src/ratlas/ruby_extension/rotg/include -I/Users/robertburrowes/Documents/src/ratlas/ruby_extension/lapack/include -I/Users/robertburrowes/Documents/src/ratlas/ruby_extension/blas/include -D_XOPEN_SOURCE -D_DARWIN_C_SOURCE -D_DARWIN_UNLIMITED_SELECT -D_REENTRANT    -O3 -fno-fast-math -ggdb3 -Wall -Wextra -Wno-unused-parameter -Wno-parentheses -Wno-long-long -Wno-missing-field-initializers -Wunused-variable -Wpointer-arith -Wwrite-strings -Wdeclaration-after-statement -Wshorten-64-to-32 -Wimplicit-function-declaration  -pipe conftest.c  -L. -L/usr/local/lib -L/Users/robertburrowes/Documents/src/ratlas/ruby_extension/rotg/lib -L/Users/robertburrowes/Documents/src/ratlas/ruby_extension/lapack/lib -L/Users/robertburrowes/Documents/src/ratlas/ruby_extension/blas/lib -L. -fstack-protector -L/usr/local/lib    -lcblas -lblas -latlas  -lruby-static -lf77lapack -lcblas -lblas -latlas  -lpthread -ldl -lobjc "
conftest.c: In function 't':
conftest.c:5: error: 'main' undeclared (first use in this function)
conftest.c:5: error: (Each undeclared identifier is reported only once
conftest.c:5: error: for each function it appears in.)
checked program was:
/* begin */
 1: #include "ruby.h"
 2: 
 3: /*top*/
 4: extern int t(void);
 5: int t(void) { void ((*volatile p)()); p = (void ((*)()))main; return 0; }
 6: int main(int argc, char **argv)
 7: {
 8:   if (argc > 1000000) {
 9:     printf("%p", &t);
10:   }
11: 
12:   return 0;
13: }
/* end */

"gcc-4.2 -o conftest -I/usr/local/include/ruby-2.0.0/x86_64-darwin10.8.0 -I/usr/local/include/ruby-2.0.0/ruby/backward -I/usr/local/include/ruby-2.0.0 -I/Users/robertburrowes/Documents/src/ratlas/ruby_extension -I/System/Library/Frameworks/Accelerate.framework/Versions/A/Frameworks/vecLib.framework/Versions/A/Headers -I/Users/robertburrowes/Documents/src/ratlas/ruby_extension/rotg/include -I/Users/robertburrowes/Documents/src/ratlas/ruby_extension/lapack/include -I/Users/robertburrowes/Documents/src/ratlas/ruby_extension/blas/include -D_XOPEN_SOURCE -D_DARWIN_C_SOURCE -D_DARWIN_UNLIMITED_SELECT -D_REENTRANT    -O3 -fno-fast-math -ggdb3 -Wall -Wextra -Wno-unused-parameter -Wno-parentheses -Wno-long-long -Wno-missing-field-initializers -Wunused-variable -Wpointer-arith -Wwrite-strings -Wdeclaration-after-statement -Wshorten-64-to-32 -Wimplicit-function-declaration  -pipe conftest.c  -L. -L/usr/local/lib -L/Users/robertburrowes/Documents/src/ratlas/ruby_extension/rotg/lib -L/Users/robertburrowes/Documents/src/ratlas/ruby_extension/lapack/lib -L/Users/robertburrowes/Documents/src/ratlas/ruby_extension/blas/lib -L. -fstack-protector -L/usr/local/lib    -lcblas -lblas -latlas  -lruby-static -lf77lapack -lcblas -lblas -latlas  -lpthread -ldl -lobjc "
conftest.c: In function 't':
conftest.c:5: warning: implicit declaration of function 'main'
checked program was:
/* begin */
 1: #include "ruby.h"
 2: 
 3: /*top*/
 4: extern int t(void);
 5: int t(void) { main(); return 0; }
 6: int main(int argc, char **argv)
 7: {
 8:   if (argc > 1000000) {
 9:     printf("%p", &t);
10:   }
11: 
12:   return 0;
13: }
/* end */

--------------------

have_library: checking for main() in -llapack... -------------------- yes

"gcc-4.2 -o conftest -I/usr/local/include/ruby-2.0.0/x86_64-darwin10.8.0 -I/usr/local/include/ruby-2.0.0/ruby/backward -I/usr/local/include/ruby-2.0.0 -I/Users/robertburrowes/Documents/src/ratlas/ruby_extension -I/System/Library/Frameworks/Accelerate.framework/Versions/A/Frameworks/vecLib.framework/Versions/A/Headers -I/Users/robertburrowes/Documents/src/ratlas/ruby_extension/rotg/include -I/Users/robertburrowes/Documents/src/ratlas/ruby_extension/lapack/include -I/Users/robertburrowes/Documents/src/ratlas/ruby_extension/blas/include -D_XOPEN_SOURCE -D_DARWIN_C_SOURCE -D_DARWIN_UNLIMITED_SELECT -D_REENTRANT    -O3 -fno-fast-math -ggdb3 -Wall -Wextra -Wno-unused-parameter -Wno-parentheses -Wno-long-long -Wno-missing-field-initializers -Wunused-variable -Wpointer-arith -Wwrite-strings -Wdeclaration-after-statement -Wshorten-64-to-32 -Wimplicit-function-declaration  -pipe conftest.c  -L. -L/usr/local/lib -L/Users/robertburrowes/Documents/src/ratlas/ruby_extension/rotg/lib -L/Users/robertburrowes/Documents/src/ratlas/ruby_extension/lapack/lib -L/Users/robertburrowes/Documents/src/ratlas/ruby_extension/blas/lib -L. -fstack-protector -L/usr/local/lib    -lf77lapack -lcblas -lblas -latlas  -lruby-static -llapack -lf77lapack -lcblas -lblas -latlas  -lpthread -ldl -lobjc "
conftest.c: In function 't':
conftest.c:5: error: 'main' undeclared (first use in this function)
conftest.c:5: error: (Each undeclared identifier is reported only once
conftest.c:5: error: for each function it appears in.)
checked program was:
/* begin */
 1: #include "ruby.h"
 2: 
 3: /*top*/
 4: extern int t(void);
 5: int t(void) { void ((*volatile p)()); p = (void ((*)()))main; return 0; }
 6: int main(int argc, char **argv)
 7: {
 8:   if (argc > 1000000) {
 9:     printf("%p", &t);
10:   }
11: 
12:   return 0;
13: }
/* end */

"gcc-4.2 -o conftest -I/usr/local/include/ruby-2.0.0/x86_64-darwin10.8.0 -I/usr/local/include/ruby-2.0.0/ruby/backward -I/usr/local/include/ruby-2.0.0 -I/Users/robertburrowes/Documents/src/ratlas/ruby_extension -I/System/Library/Frameworks/Accelerate.framework/Versions/A/Frameworks/vecLib.framework/Versions/A/Headers -I/Users/robertburrowes/Documents/src/ratlas/ruby_extension/rotg/include -I/Users/robertburrowes/Documents/src/ratlas/ruby_extension/lapack/include -I/Users/robertburrowes/Documents/src/ratlas/ruby_extension/blas/include -D_XOPEN_SOURCE -D_DARWIN_C_SOURCE -D_DARWIN_UNLIMITED_SELECT -D_REENTRANT    -O3 -fno-fast-math -ggdb3 -Wall -Wextra -Wno-unused-parameter -Wno-parentheses -Wno-long-long -Wno-missing-field-initializers -Wunused-variable -Wpointer-arith -Wwrite-strings -Wdeclaration-after-statement -Wshorten-64-to-32 -Wimplicit-function-declaration  -pipe conftest.c  -L. -L/usr/local/lib -L/Users/robertburrowes/Documents/src/ratlas/ruby_extension/rotg/lib -L/Users/robertburrowes/Documents/src/ratlas/ruby_extension/lapack/lib -L/Users/robertburrowes/Documents/src/ratlas/ruby_extension/blas/lib -L. -fstack-protector -L/usr/local/lib    -lf77lapack -lcblas -lblas -latlas  -lruby-static -llapack -lf77lapack -lcblas -lblas -latlas  -lpthread -ldl -lobjc "
conftest.c: In function 't':
conftest.c:5: warning: implicit declaration of function 'main'
checked program was:
/* begin */
 1: #include "ruby.h"
 2: 
 3: /*top*/
 4: extern int t(void);
 5: int t(void) { main(); return 0; }
 6: int main(int argc, char **argv)
 7: {
 8:   if (argc > 1000000) {
 9:     printf("%p", &t);
10:   }
11: 
12:   return 0;
13: }
/* end */

--------------------

have_library: checking for main() in -lclapack... -------------------- yes

"gcc-4.2 -o conftest -I/usr/local/include/ruby-2.0.0/x86_64-darwin10.8.0 -I/usr/local/include/ruby-2.0.0/ruby/backward -I/usr/local/include/ruby-2.0.0 -I/Users/robertburrowes/Documents/src/ratlas/ruby_extension -I/System/Library/Frameworks/Accelerate.framework/Versions/A/Frameworks/vecLib.framework/Versions/A/Headers -I/Users/robertburrowes/Documents/src/ratlas/ruby_extension/rotg/include -I/Users/robertburrowes/Documents/src/ratlas/ruby_extension/lapack/include -I/Users/robertburrowes/Documents/src/ratlas/ruby_extension/blas/include -D_XOPEN_SOURCE -D_DARWIN_C_SOURCE -D_DARWIN_UNLIMITED_SELECT -D_REENTRANT    -O3 -fno-fast-math -ggdb3 -Wall -Wextra -Wno-unused-parameter -Wno-parentheses -Wno-long-long -Wno-missing-field-initializers -Wunused-variable -Wpointer-arith -Wwrite-strings -Wdeclaration-after-statement -Wshorten-64-to-32 -Wimplicit-function-declaration  -pipe conftest.c  -L. -L/usr/local/lib -L/Users/robertburrowes/Documents/src/ratlas/ruby_extension/rotg/lib -L/Users/robertburrowes/Documents/src/ratlas/ruby_extension/lapack/lib -L/Users/robertburrowes/Documents/src/ratlas/ruby_extension/blas/lib -L. -fstack-protector -L/usr/local/lib    -llapack -lf77lapack -lcblas -lblas -latlas  -lruby-static -lclapack -llapack -lf77lapack -lcblas -lblas -latlas  -lpthread -ldl -lobjc "
conftest.c: In function 't':
conftest.c:5: error: 'main' undeclared (first use in this function)
conftest.c:5: error: (Each undeclared identifier is reported only once
conftest.c:5: error: for each function it appears in.)
checked program was:
/* begin */
 1: #include "ruby.h"
 2: 
 3: /*top*/
 4: extern int t(void);
 5: int t(void) { void ((*volatile p)()); p = (void ((*)()))main; return 0; }
 6: int main(int argc, char **argv)
 7: {
 8:   if (argc > 1000000) {
 9:     printf("%p", &t);
10:   }
11: 
12:   return 0;
13: }
/* end */

"gcc-4.2 -o conftest -I/usr/local/include/ruby-2.0.0/x86_64-darwin10.8.0 -I/usr/local/include/ruby-2.0.0/ruby/backward -I/usr/local/include/ruby-2.0.0 -I/Users/robertburrowes/Documents/src/ratlas/ruby_extension -I/System/Library/Frameworks/Accelerate.framework/Versions/A/Frameworks/vecLib.framework/Versions/A/Headers -I/Users/robertburrowes/Documents/src/ratlas/ruby_extension/rotg/include -I/Users/robertburrowes/Documents/src/ratlas/ruby_extension/lapack/include -I/Users/robertburrowes/Documents/src/ratlas/ruby_extension/blas/include -D_XOPEN_SOURCE -D_DARWIN_C_SOURCE -D_DARWIN_UNLIMITED_SELECT -D_REENTRANT    -O3 -fno-fast-math -ggdb3 -Wall -Wextra -Wno-unused-parameter -Wno-parentheses -Wno-long-long -Wno-missing-field-initializers -Wunused-variable -Wpointer-arith -Wwrite-strings -Wdeclaration-after-statement -Wshorten-64-to-32 -Wimplicit-function-declaration  -pipe conftest.c  -L. -L/usr/local/lib -L/Users/robertburrowes/Documents/src/ratlas/ruby_extension/rotg/lib -L/Users/robertburrowes/Documents/src/ratlas/ruby_extension/lapack/lib -L/Users/robertburrowes/Documents/src/ratlas/ruby_extension/blas/lib -L. -fstack-protector -L/usr/local/lib    -llapack -lf77lapack -lcblas -lblas -latlas  -lruby-static -lclapack -llapack -lf77lapack -lcblas -lblas -latlas  -lpthread -ldl -lobjc "
conftest.c: In function 't':
conftest.c:5: warning: implicit declaration of function 'main'
checked program was:
/* begin */
 1: #include "ruby.h"
 2: 
 3: /*top*/
 4: extern int t(void);
 5: int t(void) { main(); return 0; }
 6: int main(int argc, char **argv)
 7: {
 8:   if (argc > 1000000) {
 9:     printf("%p", &t);
10:   }
11: 
12:   return 0;
13: }
/* end */

--------------------

